<?xml version="1.0" encoding="UTF-8"?>
<!-- Generated by org.testng.reporters.JUnitReportReporter -->
<testsuite hostname="DESKTOP-2NSIB7R" failures="0" tests="1" name="scripts.Testcase2" time="28.010" errors="0" timestamp="2023-08-16T10:53:22 IST" skipped="0">
  <testcase classname="scripts.Testcase2" name="tc2" time="28.010"/>
  <system-out/>
</testsuite> <!-- scripts.Testcase2 -->
