<?xml version="1.0" encoding="UTF-8"?>
<!-- Generated by org.testng.reporters.JUnitReportReporter -->
<testsuite hostname="DESKTOP-2NSIB7R" failures="0" tests="1" name="scripts.Testcase3" time="24.656" errors="0" timestamp="2023-08-16T10:44:31 IST" skipped="0">
  <testcase classname="scripts.Testcase3" name="tc3" time="24.656"/>
  <system-out/>
</testsuite> <!-- scripts.Testcase3 -->
