<?xml version="1.0" encoding="UTF-8"?>
<!-- Generated by org.testng.reporters.JUnitReportReporter -->
<testsuite hostname="DESKTOP-2NSIB7R" failures="0" tests="1" name="scripts.Testcase1" time="13.411" errors="0" timestamp="2023-08-16T08:47:45 IST" skipped="0">
  <testcase classname="scripts.Testcase1" name="tc1" time="13.411"/>
  <system-out/>
</testsuite> <!-- scripts.Testcase1 -->
